<?xml version="1.0" encoding="UTF-8"?>
<!-- Generated by org.testng.reporters.JUnitReportReporter -->
<testsuite skipped="0" hostname="DESKTOP-PACOCH8" name="com.qa.tests.MavenDemo" tests="4" failures="0" timestamp="22 Sep 2019 11:32:19 GMT" time="0.014" errors="0">
  <testcase name="sum" time="0.001" classname="com.qa.tests.MavenDemo"/>
  <testcase name="sub" time="0.000" classname="com.qa.tests.MavenDemo"/>
  <testcase name="div" time="0.013" classname="com.qa.tests.MavenDemo"/>
  <testcase name="mul" time="0.000" classname="com.qa.tests.MavenDemo"/>
</testsuite> <!-- com.qa.tests.MavenDemo -->
